QuestaSim vlog 10.6c Compiler 2017.07 Jul 25 2017
Start time: 05:55:59 on Dec 11,2021
vlog -sv "+acc" "+cover" "+fcover" -l i2c_compile.log -f ../i2c_compile.f 
-- Compiling package i2c_globals_pkg
-- Compiling package i2c_master_pkg
** Note: (vlog-2286) ../../src/hvl_top/master/i2c_master_pkg.sv(13): Using implicit +incdir+/tools/mentor/questasim_10.6c/questasim/uvm-1.1d/../verilog_src/uvm-1.1d/src from import uvm_pkg
-- Importing package mtiUvm.uvm_pkg (uvm-1.1d Built-in)
-- Importing package i2c_globals_pkg
-- Compiling package i2c_slave_pkg
-- Compiling package i2c_master_seq_pkg
-- Importing package i2c_master_pkg
-- Compiling package i2c_slave_seq_pkg
-- Importing package i2c_slave_pkg
-- Compiling package i2c_env_pkg
-- Compiling package i2c_virtual_seq_pkg
-- Importing package i2c_master_seq_pkg
-- Importing package i2c_slave_seq_pkg
-- Importing package i2c_env_pkg
-- Compiling package i2c_test_pkg
-- Importing package i2c_virtual_seq_pkg
-- Compiling interface i2c_if
-- Compiling package i2c_master_driver_bfm_sv_unit
-- Importing package i2c_globals_pkg
-- Compiling interface i2c_master_driver_bfm
-- Importing package mtiUvm.uvm_pkg (uvm-1.1d Built-in)
-- Importing package i2c_master_pkg
-- Compiling package i2c_master_monitor_bfm_sv_unit
-- Importing package i2c_globals_pkg
-- Compiling interface i2c_master_monitor_bfm
-- Importing package mtiUvm.uvm_pkg (uvm-1.1d Built-in)
-- Importing package i2c_master_pkg
-- Compiling module i2c_master_agent_bfm
-- Compiling package i2c_slave_driver_bfm_sv_unit
-- Importing package i2c_globals_pkg
-- Compiling interface i2c_slave_driver_bfm
-- Importing package mtiUvm.uvm_pkg (uvm-1.1d Built-in)
-- Importing package i2c_slave_pkg
-- Compiling interface i2c_slave_monitor_bfm
-- Compiling module i2c_slave_agent_bfm
-- Compiling module hdl_top
-- Compiling module hvl_top
-- Importing package i2c_test_pkg
-- Importing package i2c_master_pkg
-- Importing package i2c_env_pkg
-- Importing package i2c_master_seq_pkg
-- Importing package i2c_slave_seq_pkg
-- Importing package i2c_virtual_seq_pkg

Top level modules:
	hdl_top
	hvl_top
End time: 05:56:01 on Dec 11,2021, Elapsed time: 0:00:02
Errors: 0, Warnings: 0
